<?xml version="1.0" encoding="UTF-8"?>
<!-- Generated by org.testng.reporters.JUnitReportReporter -->
<testsuite hostname="LAPTOP-P2M4O03J" failures="0" tests="14" name="cucumberOptions.testRunner" time="89.766" errors="0" timestamp="2022-06-14T16:34:23 COT" skipped="0">
  <testcase classname="cucumberOptions.testRunner" name="runScenario" time="3.283"/>
  <system-out/>
  <testcase classname="cucumberOptions.testRunner" name="runScenario" time="3.690"/>
  <system-out/>
  <testcase classname="cucumberOptions.testRunner" name="runScenario" time="4.209"/>
  <system-out/>
  <testcase classname="cucumberOptions.testRunner" name="runScenario" time="4.200"/>
  <system-out/>
  <testcase classname="cucumberOptions.testRunner" name="runScenario" time="6.144"/>
  <system-out/>
  <testcase classname="cucumberOptions.testRunner" name="runScenario" time="13.021"/>
  <system-out/>
  <testcase classname="cucumberOptions.testRunner" name="runScenario" time="4.599"/>
  <system-out/>
  <testcase classname="cucumberOptions.testRunner" name="runScenario" time="4.129"/>
  <system-out/>
  <testcase classname="cucumberOptions.testRunner" name="runScenario" time="4.700"/>
  <system-out/>
  <testcase classname="cucumberOptions.testRunner" name="runScenario" time="11.520"/>
  <system-out/>
  <testcase classname="cucumberOptions.testRunner" name="runScenario" time="6.634"/>
  <system-out/>
  <testcase classname="cucumberOptions.testRunner" name="runScenario" time="4.421"/>
  <system-out/>
  <testcase classname="cucumberOptions.testRunner" name="runScenario" time="14.640"/>
  <system-out/>
  <testcase classname="cucumberOptions.testRunner" name="runScenario" time="4.576"/>
  <system-out/>
</testsuite> <!-- cucumberOptions.testRunner -->
