<?xml version="1.0" encoding="UTF-8"?>
<!-- Generated by org.testng.reporters.JUnitReportReporter -->
<testsuite hostname="LAPTOP-P2M4O03J" failures="0" tests="1" name="cucumberOptions.testRunner" time="14.649" errors="0" timestamp="2022-06-13T15:16:53 COT" skipped="0">
  <testcase classname="cucumberOptions.testRunner" name="runScenario" time="14.649"/>
  <system-out/>
</testsuite> <!-- cucumberOptions.testRunner -->
