<?xml version="1.0" encoding="UTF-8"?>
<!-- Generated by org.testng.reporters.JUnitReportReporter -->
<testsuite hostname="LAPTOP-P2M4O03J" failures="0" tests="7" name="cucumberOptions.testNGTestRunner" time="28.641" errors="0" timestamp="2022-07-07T12:33:47 COT" skipped="0">
  <testcase classname="cucumberOptions.testNGTestRunner" name="runScenario" time="3.274"/>
  <system-out/>
  <testcase classname="cucumberOptions.testNGTestRunner" name="runScenario" time="2.804"/>
  <system-out/>
  <testcase classname="cucumberOptions.testNGTestRunner" name="runScenario" time="3.693"/>
  <system-out/>
  <testcase classname="cucumberOptions.testNGTestRunner" name="runScenario" time="3.907"/>
  <system-out/>
  <testcase classname="cucumberOptions.testNGTestRunner" name="runScenario" time="7.930"/>
  <system-out/>
  <testcase classname="cucumberOptions.testNGTestRunner" name="runScenario" time="3.440"/>
  <system-out/>
  <testcase classname="cucumberOptions.testNGTestRunner" name="runScenario" time="3.593"/>
  <system-out/>
</testsuite> <!-- cucumberOptions.testNGTestRunner -->
