<?xml version="1.0" encoding="UTF-8"?>
<!-- Generated by org.testng.reporters.JUnitReportReporter -->
<testsuite hostname="LAPTOP-P2M4O03J" failures="0" tests="3" name="cucumberOptions.testNGTestRunner" time="34.798" errors="0" timestamp="2022-07-07T12:08:47 COT" skipped="0">
  <testcase classname="cucumberOptions.testNGTestRunner" name="runScenario" time="12.790"/>
  <system-out/>
  <testcase classname="cucumberOptions.testNGTestRunner" name="runScenario" time="12.098"/>
  <system-out/>
  <testcase classname="cucumberOptions.testNGTestRunner" name="runScenario" time="9.910"/>
  <system-out/>
</testsuite> <!-- cucumberOptions.testNGTestRunner -->
